<?xml version="1.0" encoding="UTF-8"?>
<TestRun id="9e9b81d2-6297-49cb-a2b7-40c513b1f72c" name="Chris@RUBY 2011-12-14 09:54:41" runUser="Ruby\Chris" xmlns="http://microsoft.com/schemas/VisualStudio/TeamTest/2010">
  <TestSettings name="Local" id="f8e8dfc1-3df5-4265-b9ef-bd8ed4e3e547">
    <Description>These are default test settings for a local test run.</Description>
    <Deployment enabled="false" runDeploymentRoot="Chris_RUBY 2011-12-14 09_54_41" />
    <Execution>
      <TestTypeSpecific />
      <AgentRule name="Execution Agents">
      </AgentRule>
    </Execution>
  </TestSettings>
  <Times creation="2011-12-14T09:54:41.0930075-07:00" queuing="2011-12-14T09:54:41.6160374-07:00" start="2011-12-14T09:54:42.0020595-07:00" finish="2011-12-14T09:54:42.3350786-07:00" />
  <ResultSummary outcome="Failed">
    <Counters total="3" executed="3" passed="2" error="0" failed="1" timeout="0" aborted="0" inconclusive="0" passedButRunAborted="0" notRunnable="0" notExecuted="0" disconnected="0" warning="0" completed="0" inProgress="0" pending="0" />
  </ResultSummary>
  <TestDefinitions>
    <UnitTest name="should_verify_chris_lowercase_case_is_not_valid_anagram" storage="c:\course\app\code_katas\katasix\katasix.test\bin\debug\katasix.test.dll" id="64990e4c-134c-92e9-f54d-33dbeb20095c">
      <Execution timeOut="1800000" id="f35b6250-2c1c-4e10-be8a-cb080a6aa681" />
      <TestMethod codeBase="C:/course/app/code_katas/KataSix/KataSix.Test/bin/Debug/KataSix.Test.DLL" adapterTypeName="Microsoft.VisualStudio.TestTools.TestTypes.Unit.UnitTestAdapter, Microsoft.VisualStudio.QualityTools.Tips.UnitTest.Adapter, Version=10.0.0.0, Culture=neutral, PublicKeyToken=b03f5f7f11d50a3a" className="KataSix.Test.AnagramTests, KataSix.Test, Version=1.0.0.0, Culture=neutral, PublicKeyToken=null" name="should_verify_chris_lowercase_case_is_not_valid_anagram" />
    </UnitTest>
    <UnitTest name="should_verify_Chris_mixed_case_is_not_valid_anagram" storage="c:\course\app\code_katas\katasix\katasix.test\bin\debug\katasix.test.dll" id="a9817b53-2cd4-ae80-5be5-fef01c3b96c0">
      <Execution timeOut="1800000" id="4c35acdb-57dc-47ac-aab6-2b27af6ef1da" />
      <TestMethod codeBase="C:/course/app/code_katas/KataSix/KataSix.Test/bin/Debug/KataSix.Test.DLL" adapterTypeName="Microsoft.VisualStudio.TestTools.TestTypes.Unit.UnitTestAdapter, Microsoft.VisualStudio.QualityTools.Tips.UnitTest.Adapter, Version=10.0.0.0, Culture=neutral, PublicKeyToken=b03f5f7f11d50a3a" className="KataSix.Test.AnagramTests, KataSix.Test, Version=1.0.0.0, Culture=neutral, PublicKeyToken=null" name="should_verify_Chris_mixed_case_is_not_valid_anagram" />
    </UnitTest>
    <UnitTest name="should_verify_hannah_lowercase_is_valid_anagram" storage="c:\course\app\code_katas\katasix\katasix.test\bin\debug\katasix.test.dll" id="2af9c23c-6cd4-9006-626b-7c502b3046ff">
      <Execution timeOut="1800000" id="03462074-9e90-40ce-89c6-6d3bc8a5f549" />
      <TestMethod codeBase="C:/course/app/code_katas/KataSix/KataSix.Test/bin/Debug/KataSix.Test.DLL" adapterTypeName="Microsoft.VisualStudio.TestTools.TestTypes.Unit.UnitTestAdapter, Microsoft.VisualStudio.QualityTools.Tips.UnitTest.Adapter, Version=10.0.0.0, Culture=neutral, PublicKeyToken=b03f5f7f11d50a3a" className="KataSix.Test.AnagramTests, KataSix.Test, Version=1.0.0.0, Culture=neutral, PublicKeyToken=null" name="should_verify_hannah_lowercase_is_valid_anagram" />
    </UnitTest>
  </TestDefinitions>
  <TestLists>
    <TestList name="Results Not in a List" id="8c84fa94-04c1-424b-9868-57a2d4851a1d" />
    <TestList name="All Loaded Results" id="19431567-8539-422a-85d7-44ee4e166bda" />
  </TestLists>
  <TestEntries>
    <TestEntry testId="64990e4c-134c-92e9-f54d-33dbeb20095c" executionId="f35b6250-2c1c-4e10-be8a-cb080a6aa681" testListId="8c84fa94-04c1-424b-9868-57a2d4851a1d" />
    <TestEntry testId="a9817b53-2cd4-ae80-5be5-fef01c3b96c0" executionId="4c35acdb-57dc-47ac-aab6-2b27af6ef1da" testListId="8c84fa94-04c1-424b-9868-57a2d4851a1d" />
    <TestEntry testId="2af9c23c-6cd4-9006-626b-7c502b3046ff" executionId="03462074-9e90-40ce-89c6-6d3bc8a5f549" testListId="8c84fa94-04c1-424b-9868-57a2d4851a1d" />
  </TestEntries>
  <Results>
    <UnitTestResult executionId="f35b6250-2c1c-4e10-be8a-cb080a6aa681" testId="64990e4c-134c-92e9-f54d-33dbeb20095c" testName="should_verify_chris_lowercase_case_is_not_valid_anagram" computerName="RUBY" duration="00:00:00.0342519" startTime="2011-12-14T09:54:42.0520624-07:00" endTime="2011-12-14T09:54:42.1600686-07:00" testType="13cdc9d9-ddb5-4fa4-a97d-d965ccfc6d4b" outcome="Passed" testListId="8c84fa94-04c1-424b-9868-57a2d4851a1d" relativeResultsDirectory="f35b6250-2c1c-4e10-be8a-cb080a6aa681">
    </UnitTestResult>
    <UnitTestResult executionId="4c35acdb-57dc-47ac-aab6-2b27af6ef1da" testId="a9817b53-2cd4-ae80-5be5-fef01c3b96c0" testName="should_verify_Chris_mixed_case_is_not_valid_anagram" computerName="RUBY" duration="00:00:00.0001860" startTime="2011-12-14T09:54:42.1690691-07:00" endTime="2011-12-14T09:54:42.1710692-07:00" testType="13cdc9d9-ddb5-4fa4-a97d-d965ccfc6d4b" outcome="Passed" testListId="8c84fa94-04c1-424b-9868-57a2d4851a1d" relativeResultsDirectory="4c35acdb-57dc-47ac-aab6-2b27af6ef1da">
    </UnitTestResult>
    <UnitTestResult executionId="03462074-9e90-40ce-89c6-6d3bc8a5f549" testId="2af9c23c-6cd4-9006-626b-7c502b3046ff" testName="should_verify_hannah_lowercase_is_valid_anagram" computerName="RUBY" duration="00:00:00.0351313" startTime="2011-12-14T09:54:42.2090714-07:00" endTime="2011-12-14T09:54:42.2500737-07:00" testType="13cdc9d9-ddb5-4fa4-a97d-d965ccfc6d4b" outcome="Failed" testListId="8c84fa94-04c1-424b-9868-57a2d4851a1d" relativeResultsDirectory="03462074-9e90-40ce-89c6-6d3bc8a5f549">
      <Output>
        <ErrorInfo>
          <Message>Assert.IsTrue failed. </Message>
          <StackTrace>   at KataSix.Test.AnagramTests.should_verify_hannah_lowercase_is_valid_anagram() in C:\course\app\code_katas\KataSix\KataSix.Test\AnagramTests.cs:line 19
</StackTrace>
        </ErrorInfo>
      </Output>
    </UnitTestResult>
  </Results>
</TestRun>