<?xml version="1.0" encoding="UTF-8"?>
<TestRun id="ec688b7e-0d1d-44e7-b38d-151193e94c7a" name="Chris@RUBY 2011-12-14 09:56:49" runUser="Ruby\Chris" xmlns="http://microsoft.com/schemas/VisualStudio/TeamTest/2010">
  <TestSettings name="Local" id="f8e8dfc1-3df5-4265-b9ef-bd8ed4e3e547">
    <Description>These are default test settings for a local test run.</Description>
    <Deployment enabled="false" runDeploymentRoot="Chris_RUBY 2011-12-14 09_56_49" />
    <Execution>
      <TestTypeSpecific />
      <AgentRule name="Execution Agents">
      </AgentRule>
    </Execution>
  </TestSettings>
  <Times creation="2011-12-14T09:56:49.5073524-07:00" queuing="2011-12-14T09:56:50.0563838-07:00" start="2011-12-14T09:56:50.4204046-07:00" finish="2011-12-14T09:56:50.7954261-07:00" />
  <ResultSummary outcome="Failed">
    <Counters total="4" executed="4" passed="2" error="0" failed="2" timeout="0" aborted="0" inconclusive="0" passedButRunAborted="0" notRunnable="0" notExecuted="0" disconnected="0" warning="0" completed="0" inProgress="0" pending="0" />
  </ResultSummary>
  <TestDefinitions>
    <UnitTest name="should_verify_hannah_mixed_case_is_valid_anagram" storage="c:\course\app\code_katas\katasix\katasix.test\bin\debug\katasix.test.dll" id="d8bf518c-1125-c621-f22e-57234d2c57f5">
      <Execution timeOut="1800000" id="855060e9-7a08-448f-bc0b-2dfdd5eef485" />
      <TestMethod codeBase="C:/course/app/code_katas/KataSix/KataSix.Test/bin/Debug/KataSix.Test.DLL" adapterTypeName="Microsoft.VisualStudio.TestTools.TestTypes.Unit.UnitTestAdapter, Microsoft.VisualStudio.QualityTools.Tips.UnitTest.Adapter, Version=10.0.0.0, Culture=neutral, PublicKeyToken=b03f5f7f11d50a3a" className="KataSix.Test.AnagramTests, KataSix.Test, Version=1.0.0.0, Culture=neutral, PublicKeyToken=null" name="should_verify_hannah_mixed_case_is_valid_anagram" />
    </UnitTest>
    <UnitTest name="should_verify_chris_lowercase_case_is_not_valid_anagram" storage="c:\course\app\code_katas\katasix\katasix.test\bin\debug\katasix.test.dll" id="64990e4c-134c-92e9-f54d-33dbeb20095c">
      <Execution timeOut="1800000" id="47fbed2e-2906-40d1-9ad8-45041d060870" />
      <TestMethod codeBase="C:/course/app/code_katas/KataSix/KataSix.Test/bin/Debug/KataSix.Test.DLL" adapterTypeName="Microsoft.VisualStudio.TestTools.TestTypes.Unit.UnitTestAdapter, Microsoft.VisualStudio.QualityTools.Tips.UnitTest.Adapter, Version=10.0.0.0, Culture=neutral, PublicKeyToken=b03f5f7f11d50a3a" className="KataSix.Test.AnagramTests, KataSix.Test, Version=1.0.0.0, Culture=neutral, PublicKeyToken=null" name="should_verify_chris_lowercase_case_is_not_valid_anagram" />
    </UnitTest>
    <UnitTest name="should_verify_Chris_mixed_case_is_not_valid_anagram" storage="c:\course\app\code_katas\katasix\katasix.test\bin\debug\katasix.test.dll" id="a9817b53-2cd4-ae80-5be5-fef01c3b96c0">
      <Execution timeOut="1800000" id="4866de85-3789-47a4-abbe-198acb318c56" />
      <TestMethod codeBase="C:/course/app/code_katas/KataSix/KataSix.Test/bin/Debug/KataSix.Test.DLL" adapterTypeName="Microsoft.VisualStudio.TestTools.TestTypes.Unit.UnitTestAdapter, Microsoft.VisualStudio.QualityTools.Tips.UnitTest.Adapter, Version=10.0.0.0, Culture=neutral, PublicKeyToken=b03f5f7f11d50a3a" className="KataSix.Test.AnagramTests, KataSix.Test, Version=1.0.0.0, Culture=neutral, PublicKeyToken=null" name="should_verify_Chris_mixed_case_is_not_valid_anagram" />
    </UnitTest>
    <UnitTest name="should_verify_hannah_lowercase_is_valid_anagram" storage="c:\course\app\code_katas\katasix\katasix.test\bin\debug\katasix.test.dll" id="2af9c23c-6cd4-9006-626b-7c502b3046ff">
      <Execution timeOut="1800000" id="fc578408-990f-4f0d-9105-67ea23a32b3f" />
      <TestMethod codeBase="C:/course/app/code_katas/KataSix/KataSix.Test/bin/Debug/KataSix.Test.DLL" adapterTypeName="Microsoft.VisualStudio.TestTools.TestTypes.Unit.UnitTestAdapter, Microsoft.VisualStudio.QualityTools.Tips.UnitTest.Adapter, Version=10.0.0.0, Culture=neutral, PublicKeyToken=b03f5f7f11d50a3a" className="KataSix.Test.AnagramTests, KataSix.Test, Version=1.0.0.0, Culture=neutral, PublicKeyToken=null" name="should_verify_hannah_lowercase_is_valid_anagram" />
    </UnitTest>
  </TestDefinitions>
  <TestLists>
    <TestList name="Results Not in a List" id="8c84fa94-04c1-424b-9868-57a2d4851a1d" />
    <TestList name="All Loaded Results" id="19431567-8539-422a-85d7-44ee4e166bda" />
  </TestLists>
  <TestEntries>
    <TestEntry testId="64990e4c-134c-92e9-f54d-33dbeb20095c" executionId="47fbed2e-2906-40d1-9ad8-45041d060870" testListId="8c84fa94-04c1-424b-9868-57a2d4851a1d" />
    <TestEntry testId="a9817b53-2cd4-ae80-5be5-fef01c3b96c0" executionId="4866de85-3789-47a4-abbe-198acb318c56" testListId="8c84fa94-04c1-424b-9868-57a2d4851a1d" />
    <TestEntry testId="2af9c23c-6cd4-9006-626b-7c502b3046ff" executionId="fc578408-990f-4f0d-9105-67ea23a32b3f" testListId="8c84fa94-04c1-424b-9868-57a2d4851a1d" />
    <TestEntry testId="d8bf518c-1125-c621-f22e-57234d2c57f5" executionId="855060e9-7a08-448f-bc0b-2dfdd5eef485" testListId="8c84fa94-04c1-424b-9868-57a2d4851a1d" />
  </TestEntries>
  <Results>
    <UnitTestResult executionId="47fbed2e-2906-40d1-9ad8-45041d060870" testId="64990e4c-134c-92e9-f54d-33dbeb20095c" testName="should_verify_chris_lowercase_case_is_not_valid_anagram" computerName="RUBY" duration="00:00:00.0278941" startTime="2011-12-14T09:56:50.4644071-07:00" endTime="2011-12-14T09:56:50.5694131-07:00" testType="13cdc9d9-ddb5-4fa4-a97d-d965ccfc6d4b" outcome="Passed" testListId="8c84fa94-04c1-424b-9868-57a2d4851a1d" relativeResultsDirectory="47fbed2e-2906-40d1-9ad8-45041d060870">
    </UnitTestResult>
    <UnitTestResult executionId="4866de85-3789-47a4-abbe-198acb318c56" testId="a9817b53-2cd4-ae80-5be5-fef01c3b96c0" testName="should_verify_Chris_mixed_case_is_not_valid_anagram" computerName="RUBY" duration="00:00:00.0034851" startTime="2011-12-14T09:56:50.5864141-07:00" endTime="2011-12-14T09:56:50.6004149-07:00" testType="13cdc9d9-ddb5-4fa4-a97d-d965ccfc6d4b" outcome="Passed" testListId="8c84fa94-04c1-424b-9868-57a2d4851a1d" relativeResultsDirectory="4866de85-3789-47a4-abbe-198acb318c56">
    </UnitTestResult>
    <UnitTestResult executionId="fc578408-990f-4f0d-9105-67ea23a32b3f" testId="2af9c23c-6cd4-9006-626b-7c502b3046ff" testName="should_verify_hannah_lowercase_is_valid_anagram" computerName="RUBY" duration="00:00:00.0790676" startTime="2011-12-14T09:56:50.6084154-07:00" endTime="2011-12-14T09:56:50.6884200-07:00" testType="13cdc9d9-ddb5-4fa4-a97d-d965ccfc6d4b" outcome="Failed" testListId="8c84fa94-04c1-424b-9868-57a2d4851a1d" relativeResultsDirectory="fc578408-990f-4f0d-9105-67ea23a32b3f">
      <Output>
        <ErrorInfo>
          <Message>Assert.IsTrue failed. </Message>
          <StackTrace>   at KataSix.Test.AnagramTests.should_verify_hannah_lowercase_is_valid_anagram() in C:\course\app\code_katas\KataSix\KataSix.Test\AnagramTests.cs:line 19
</StackTrace>
        </ErrorInfo>
      </Output>
    </UnitTestResult>
    <UnitTestResult executionId="855060e9-7a08-448f-bc0b-2dfdd5eef485" testId="d8bf518c-1125-c621-f22e-57234d2c57f5" testName="should_verify_hannah_mixed_case_is_valid_anagram" computerName="RUBY" duration="00:00:00.0024915" startTime="2011-12-14T09:56:50.6984205-07:00" endTime="2011-12-14T09:56:50.7134214-07:00" testType="13cdc9d9-ddb5-4fa4-a97d-d965ccfc6d4b" outcome="Failed" testListId="8c84fa94-04c1-424b-9868-57a2d4851a1d" relativeResultsDirectory="855060e9-7a08-448f-bc0b-2dfdd5eef485">
      <Output>
        <ErrorInfo>
          <Message>Assert.IsTrue failed. </Message>
          <StackTrace>   at KataSix.Test.AnagramTests.should_verify_hannah_mixed_case_is_valid_anagram() in C:\course\app\code_katas\KataSix\KataSix.Test\AnagramTests.cs:line 29
</StackTrace>
        </ErrorInfo>
      </Output>
    </UnitTestResult>
  </Results>
</TestRun>