<?xml version="1.0" encoding="UTF-8"?>
<TestRun id="e3713e67-3f23-40bc-8540-e4a79053162a" name="Chris@RUBY 2011-12-14 09:57:09" runUser="Ruby\Chris" xmlns="http://microsoft.com/schemas/VisualStudio/TeamTest/2010">
  <TestSettings name="Local" id="f8e8dfc1-3df5-4265-b9ef-bd8ed4e3e547">
    <Description>These are default test settings for a local test run.</Description>
    <Deployment enabled="false" runDeploymentRoot="Chris_RUBY 2011-12-14 09_57_09" />
    <Execution>
      <TestTypeSpecific />
      <AgentRule name="Execution Agents">
      </AgentRule>
    </Execution>
  </TestSettings>
  <Times creation="2011-12-14T09:57:09.6935070-07:00" queuing="2011-12-14T09:57:10.2965415-07:00" start="2011-12-14T09:57:10.9115767-07:00" finish="2011-12-14T09:57:19.5030681-07:00" />
  <ResultSummary outcome="Failed">
    <Counters total="1" executed="1" error="0" failed="1" timeout="0" aborted="0" inconclusive="0" passedButRunAborted="0" notRunnable="0" notExecuted="0" disconnected="0" warning="0" passed="0" completed="0" inProgress="0" pending="0" />
  </ResultSummary>
  <TestDefinitions>
    <UnitTest name="should_verify_hannah_lowercase_is_valid_anagram" storage="c:\course\app\code_katas\katasix\katasix.test\bin\debug\katasix.test.dll" id="2af9c23c-6cd4-9006-626b-7c502b3046ff">
      <Execution timeOut="1800000" id="32bfe128-3290-4c90-ba6f-34c3a65dcdc8" />
      <TestMethod codeBase="C:/course/app/code_katas/KataSix/KataSix.Test/bin/Debug/KataSix.Test.DLL" adapterTypeName="Microsoft.VisualStudio.TestTools.TestTypes.Unit.UnitTestAdapter, Microsoft.VisualStudio.QualityTools.Tips.UnitTest.Adapter, Version=10.0.0.0, Culture=neutral, PublicKeyToken=b03f5f7f11d50a3a" className="KataSix.Test.AnagramTests, KataSix.Test, Version=1.0.0.0, Culture=neutral, PublicKeyToken=null" name="should_verify_hannah_lowercase_is_valid_anagram" />
    </UnitTest>
  </TestDefinitions>
  <TestLists>
    <TestList name="Results Not in a List" id="8c84fa94-04c1-424b-9868-57a2d4851a1d" />
    <TestList name="All Loaded Results" id="19431567-8539-422a-85d7-44ee4e166bda" />
  </TestLists>
  <TestEntries>
    <TestEntry testId="2af9c23c-6cd4-9006-626b-7c502b3046ff" executionId="32bfe128-3290-4c90-ba6f-34c3a65dcdc8" testListId="8c84fa94-04c1-424b-9868-57a2d4851a1d" />
  </TestEntries>
  <Results>
    <UnitTestResult executionId="32bfe128-3290-4c90-ba6f-34c3a65dcdc8" testId="2af9c23c-6cd4-9006-626b-7c502b3046ff" testName="should_verify_hannah_lowercase_is_valid_anagram" computerName="RUBY" duration="00:00:08.0973685" startTime="2011-12-14T09:57:11.2025933-07:00" endTime="2011-12-14T09:57:19.3990621-07:00" testType="13cdc9d9-ddb5-4fa4-a97d-d965ccfc6d4b" outcome="Failed" testListId="8c84fa94-04c1-424b-9868-57a2d4851a1d" relativeResultsDirectory="32bfe128-3290-4c90-ba6f-34c3a65dcdc8">
      <Output>
        <ErrorInfo>
          <Message>Assert.IsTrue failed. </Message>
          <StackTrace>   at KataSix.Test.AnagramTests.should_verify_hannah_lowercase_is_valid_anagram() in C:\course\app\code_katas\KataSix\KataSix.Test\AnagramTests.cs:line 19
</StackTrace>
        </ErrorInfo>
      </Output>
    </UnitTestResult>
  </Results>
</TestRun>